TN:
SF:blocks/footer/footer.js
FN:8,decorate
FNF:1
FNH:1
FNDA:3,decorate
DA:1,3
DA:2,3
DA:3,3
DA:4,3
DA:5,3
DA:6,3
DA:7,3
DA:8,3
DA:9,3
DA:10,3
DA:11,3
DA:12,3
DA:13,3
DA:14,3
DA:15,3
DA:16,3
DA:17,3
DA:18,3
DA:19,3
LF:19
LH:19
BRDA:1,0,0,3
BRDA:8,1,0,3
BRF:2
BRH:2
end_of_record
TN:
SF:blocks/header/header.js
FN:8,collapseAllNavSections
FN:14,decorateTopbar
FN:31,decorate
FNF:3
FNH:3
FNDA:1,collapseAllNavSections
FNDA:3,decorateTopbar
FNDA:3,decorate
DA:1,3
DA:2,3
DA:3,3
DA:4,3
DA:5,3
DA:6,3
DA:7,3
DA:8,1
DA:9,1
DA:10,1
DA:11,1
DA:12,1
DA:13,3
DA:14,3
DA:15,3
DA:16,3
DA:17,3
DA:18,3
DA:19,1
DA:20,1
DA:21,1
DA:22,1
DA:23,1
DA:24,1
DA:25,3
DA:26,3
DA:27,3
DA:28,3
DA:29,3
DA:30,3
DA:31,3
DA:32,3
DA:33,3
DA:34,3
DA:35,3
DA:36,3
DA:37,3
DA:38,3
DA:39,2
DA:40,2
DA:41,2
DA:42,2
DA:43,2
DA:44,2
DA:45,2
DA:46,2
DA:47,1
DA:48,1
DA:49,2
DA:50,2
DA:51,2
DA:52,2
DA:53,2
DA:54,1
DA:55,1
DA:56,1
DA:57,1
DA:58,1
DA:59,1
DA:60,2
DA:61,2
DA:62,2
DA:63,2
DA:64,2
DA:65,1
DA:66,1
DA:67,1
DA:68,1
DA:69,2
DA:70,2
DA:71,2
DA:72,2
DA:73,2
DA:74,2
DA:75,2
DA:76,1
DA:77,1
DA:78,1
DA:79,2
DA:80,2
DA:81,2
DA:82,2
DA:83,2
DA:84,2
DA:85,3
LF:85
LH:85
BRDA:1,0,0,2
BRDA:14,1,0,2
BRDA:18,2,0,0
BRDA:31,3,0,2
BRDA:38,4,0,1
BRDA:8,5,0,2
BRDA:9,6,0,2
BRDA:46,7,0,1
BRDA:53,8,0,1
BRDA:55,9,0,1
BRDA:64,10,0,1
BRDA:75,11,0,1
BRF:12
BRH:11
end_of_record
TN:
SF:scripts/scripts.js
FN:19,sampleRUM
FN:26,hashCode
FN:35,sendPing
FN:48,script.onload
FN:72,loadCSS
FN:78,link.onload
FN:79,link.onerror
FN:92,getMetadata
FN:102,addPublishDependencies
FN:117,toClassName
FN:128,toCamelCase
FN:136,replaceIcons
FN:148,decorateIcons
FN:164,fetchPlaceholders
FN:195,decorateBlock
FN:213,readBlockConfig
FN:248,decorateSections
FN:284,updateSectionsStatus
FN:305,decorateBlocks
FN:316,buildBlock
FN:346,loadBlock
FN:381,loadBlocks
FN:397,createOptimizedPicture
FN:436,normalizeHeadings
FN:462,decorateTemplateAndTheme
FN:474,decorateButtons
FN:504,addFavIcon
FN:520,waitForLCP
FN:543,loadPage
FN:552,initHlx
FN:586,buildHeroBlock
FN:598,loadHeader
FN:605,loadFooter
FN:612,decorateExternalLinks
FN:628,handleLinks
FN:656,buildAutoBlocks
FN:669,decorateMain
FN:683,loadFragment
FN:698,loadEager
FN:710,loadLazy
FN:731,loadDelayed
FNF:41
FNH:35
FNDA:4,sampleRUM
FNDA:4,hashCode
FNDA:1,sendPing
FNDA:0,script.onload
FNDA:4,loadCSS
FNDA:3,link.onload
FNDA:1,link.onerror
FNDA:4,getMetadata
FNDA:1,addPublishDependencies
FNDA:3,toClassName
FNDA:0,toCamelCase
FNDA:0,replaceIcons
FNDA:0,decorateIcons
FNDA:0,fetchPlaceholders
FNDA:4,decorateBlock
FNDA:3,readBlockConfig
FNDA:4,decorateSections
FNDA:3,updateSectionsStatus
FNDA:4,decorateBlocks
FNDA:4,buildBlock
FNDA:4,loadBlock
FNDA:3,loadBlocks
FNDA:1,createOptimizedPicture
FNDA:1,normalizeHeadings
FNDA:4,decorateTemplateAndTheme
FNDA:4,decorateButtons
FNDA:3,addFavIcon
FNDA:4,waitForLCP
FNDA:4,loadPage
FNDA:4,initHlx
FNDA:4,buildHeroBlock
FNDA:3,loadHeader
FNDA:3,loadFooter
FNDA:4,decorateExternalLinks
FNDA:3,handleLinks
FNDA:4,buildAutoBlocks
FNDA:4,decorateMain
FNDA:0,loadFragment
FNDA:4,loadEager
FNDA:3,loadLazy
FNDA:3,loadDelayed
DA:1,4
DA:2,4
DA:3,4
DA:4,4
DA:5,4
DA:6,4
DA:7,4
DA:8,4
DA:9,4
DA:10,4
DA:11,4
DA:12,4
DA:13,4
DA:14,4
DA:15,4
DA:16,4
DA:17,4
DA:18,4
DA:19,4
DA:20,4
DA:21,4
DA:22,4
DA:23,4
DA:24,4
DA:25,4
DA:26,4
DA:27,4
DA:28,4
DA:29,4
DA:30,4
DA:31,4
DA:32,4
DA:33,4
DA:34,4
DA:35,1
DA:36,1
DA:37,1
DA:38,1
DA:39,1
DA:40,1
DA:41,1
DA:42,1
DA:43,1
DA:44,1
DA:45,1
DA:46,1
DA:47,1
DA:48,1
DA:49,0
DA:50,0
DA:51,0
DA:52,0
DA:53,0
DA:54,0
DA:55,0
DA:56,0
DA:57,0
DA:58,0
DA:59,1
DA:60,1
DA:61,1
DA:62,1
DA:63,4
DA:64,1
DA:65,1
DA:66,4
DA:67,4
DA:68,4
DA:69,4
DA:70,4
DA:71,4
DA:72,4
DA:73,4
DA:74,4
DA:75,4
DA:76,4
DA:77,4
DA:78,4
DA:79,4
DA:80,4
DA:81,4
DA:82,4
DA:83,3
DA:84,3
DA:85,4
DA:86,4
DA:87,4
DA:88,4
DA:89,4
DA:90,4
DA:91,4
DA:92,4
DA:93,4
DA:94,4
DA:95,4
DA:96,4
DA:97,4
DA:98,4
DA:99,4
DA:100,4
DA:101,4
DA:102,4
DA:103,1
DA:104,1
DA:105,1
DA:106,1
DA:107,1
DA:108,1
DA:109,1
DA:110,1
DA:111,4
DA:112,4
DA:113,4
DA:114,4
DA:115,4
DA:116,4
DA:117,4
DA:118,3
DA:119,3
DA:120,3
DA:121,3
DA:122,4
DA:123,4
DA:124,4
DA:125,4
DA:126,4
DA:127,4
DA:128,4
DA:129,0
DA:130,0
DA:131,4
DA:132,4
DA:133,4
DA:134,4
DA:135,4
DA:136,0
DA:137,0
DA:138,0
DA:139,0
DA:140,0
DA:141,0
DA:142,0
DA:143,4
DA:144,4
DA:145,4
DA:146,4
DA:147,4
DA:148,4
DA:149,0
DA:150,0
DA:151,0
DA:152,0
DA:153,0
DA:154,0
DA:155,0
DA:156,0
DA:157,0
DA:158,0
DA:159,4
DA:160,4
DA:161,4
DA:162,4
DA:163,4
DA:164,4
DA:165,0
DA:166,0
DA:167,0
DA:168,0
DA:169,0
DA:170,0
DA:171,0
DA:172,0
DA:173,0
DA:174,0
DA:175,0
DA:176,0
DA:177,0
DA:178,0
DA:179,0
DA:180,0
DA:181,0
DA:182,0
DA:183,0
DA:184,0
DA:185,0
DA:186,0
DA:187,0
DA:188,0
DA:189,0
DA:190,4
DA:191,4
DA:192,4
DA:193,4
DA:194,4
DA:195,4
DA:196,4
DA:197,4
DA:198,4
DA:199,4
DA:200,4
DA:201,4
DA:202,4
DA:203,4
DA:204,4
DA:205,4
DA:206,4
DA:207,4
DA:208,4
DA:209,4
DA:210,4
DA:211,4
DA:212,4
DA:213,4
DA:214,3
DA:215,3
DA:216,3
DA:217,3
DA:218,3
DA:219,3
DA:220,3
DA:221,3
DA:222,3
DA:223,1
DA:224,1
DA:225,1
DA:226,1
DA:227,1
DA:228,1
DA:229,3
DA:230,1
DA:231,1
DA:232,1
DA:233,1
DA:234,1
DA:235,1
DA:236,3
DA:237,3
DA:238,3
DA:239,3
DA:240,3
DA:241,3
DA:242,3
DA:243,4
DA:244,4
DA:245,4
DA:246,4
DA:247,4
DA:248,4
DA:249,4
DA:250,2
DA:251,2
DA:252,2
DA:253,2
DA:254,2
DA:255,2
DA:256,2
DA:257,2
DA:258,2
DA:259,2
DA:260,2
DA:261,2
DA:262,2
DA:263,2
DA:264,2
DA:265,2
DA:266,2
DA:267,2
DA:268,1
DA:269,1
DA:270,1
DA:271,0
DA:272,0
DA:273,0
DA:274,1
DA:275,1
DA:276,1
DA:277,4
DA:278,4
DA:279,4
DA:280,4
DA:281,4
DA:282,4
DA:283,4
DA:284,4
DA:285,3
DA:286,3
DA:287,1
DA:288,1
DA:289,1
DA:290,1
DA:291,1
DA:292,1
DA:293,1
DA:294,1
DA:295,1
DA:296,1
DA:297,1
DA:298,1
DA:299,3
DA:300,4
DA:301,4
DA:302,4
DA:303,4
DA:304,4
DA:305,4
DA:306,4
DA:307,4
DA:308,4
DA:309,4
DA:310,4
DA:311,4
DA:312,4
DA:313,4
DA:314,4
DA:315,4
DA:316,4
DA:317,4
DA:318,4
DA:319,4
DA:320,4
DA:321,4
DA:322,4
DA:323,4
DA:324,4
DA:325,4
DA:326,4
DA:327,4
DA:328,4
DA:329,3
DA:330,4
DA:331,2
DA:332,2
DA:333,4
DA:334,4
DA:335,4
DA:336,4
DA:337,4
DA:338,4
DA:339,4
DA:340,4
DA:341,4
DA:342,4
DA:343,4
DA:344,4
DA:345,4
DA:346,4
DA:347,4
DA:348,4
DA:349,4
DA:350,4
DA:351,4
DA:352,4
DA:353,4
DA:354,4
DA:355,4
DA:356,4
DA:357,4
DA:358,4
DA:359,3
DA:360,3
DA:361,4
DA:362,1
DA:363,1
DA:364,1
DA:365,4
DA:366,4
DA:367,4
DA:368,4
DA:369,3
DA:370,1
DA:371,1
DA:372,1
DA:373,3
DA:374,3
DA:375,4
DA:376,4
DA:377,4
DA:378,4
DA:379,4
DA:380,4
DA:381,4
DA:382,3
DA:383,3
DA:384,3
DA:385,1
DA:386,1
DA:387,1
DA:388,1
DA:389,3
DA:390,4
DA:391,4
DA:392,4
DA:393,4
DA:394,4
DA:395,4
DA:396,4
DA:397,4
DA:398,1
DA:399,1
DA:400,1
DA:401,1
DA:402,1
DA:403,1
DA:404,1
DA:405,1
DA:406,1
DA:407,1
DA:408,1
DA:409,1
DA:410,1
DA:411,1
DA:412,1
DA:413,1
DA:414,1
DA:415,1
DA:416,1
DA:417,1
DA:418,1
DA:419,1
DA:420,1
DA:421,1
DA:422,1
DA:423,1
DA:424,1
DA:425,1
DA:426,1
DA:427,1
DA:428,1
DA:429,1
DA:430,4
DA:431,4
DA:432,4
DA:433,4
DA:434,4
DA:435,4
DA:436,4
DA:437,1
DA:438,1
DA:439,1
DA:440,1
DA:441,1
DA:442,1
DA:443,1
DA:444,1
DA:445,1
DA:446,1
DA:447,0
DA:448,0
DA:449,0
DA:450,0
DA:451,0
DA:452,1
DA:453,1
DA:454,1
DA:455,1
DA:456,1
DA:457,1
DA:458,4
DA:459,4
DA:460,4
DA:461,4
DA:462,4
DA:463,4
DA:464,4
DA:465,4
DA:466,4
DA:467,4
DA:468,4
DA:469,4
DA:470,4
DA:471,4
DA:472,4
DA:473,4
DA:474,4
DA:475,4
DA:476,1
DA:477,1
DA:478,1
DA:479,1
DA:480,1
DA:481,1
DA:482,1
DA:483,1
DA:484,1
DA:485,1
DA:486,1
DA:487,1
DA:488,1
DA:489,1
DA:490,1
DA:491,1
DA:492,1
DA:493,1
DA:494,1
DA:495,1
DA:496,1
DA:497,4
DA:498,4
DA:499,4
DA:500,4
DA:501,4
DA:502,4
DA:503,4
DA:504,4
DA:505,3
DA:506,3
DA:507,3
DA:508,3
DA:509,3
DA:510,3
DA:511,1
DA:512,3
DA:513,3
DA:514,3
DA:515,3
DA:516,4
DA:517,4
DA:518,4
DA:519,4
DA:520,4
DA:521,4
DA:522,4
DA:523,4
DA:524,4
DA:525,4
DA:526,4
DA:527,4
DA:528,4
DA:529,4
DA:530,3
DA:531,0
DA:532,0
DA:533,0
DA:534,3
DA:535,3
DA:536,3
DA:537,4
DA:538,4
DA:539,4
DA:540,4
DA:541,4
DA:542,4
DA:543,4
DA:544,4
DA:545,4
DA:546,4
DA:547,4
DA:548,4
DA:549,4
DA:550,4
DA:551,4
DA:552,4
DA:553,4
DA:554,4
DA:555,4
DA:556,4
DA:557,4
DA:558,4
DA:559,1
DA:560,1
DA:561,1
DA:562,1
DA:563,1
DA:564,1
DA:565,1
DA:566,4
DA:567,4
DA:568,4
DA:569,4
DA:570,4
DA:571,4
DA:572,4
DA:573,4
DA:574,4
DA:575,4
DA:576,4
DA:577,4
DA:578,4
DA:579,4
DA:580,4
DA:581,4
DA:582,4
DA:583,4
DA:584,4
DA:585,4
DA:586,4
DA:587,4
DA:588,4
DA:589,4
DA:590,4
DA:591,4
DA:592,2
DA:593,2
DA:594,2
DA:595,2
DA:596,4
DA:597,4
DA:598,3
DA:599,3
DA:600,3
DA:601,3
DA:602,3
DA:603,3
DA:604,4
DA:605,3
DA:606,3
DA:607,3
DA:608,3
DA:609,3
DA:610,3
DA:611,4
DA:612,4
DA:613,4
DA:614,1
DA:615,1
DA:616,1
DA:617,1
DA:618,1
DA:619,4
DA:620,4
DA:621,4
DA:622,4
DA:623,4
DA:624,4
DA:625,4
DA:626,4
DA:627,4
DA:628,3
DA:629,3
DA:630,0
DA:631,0
DA:632,0
DA:633,0
DA:634,0
DA:635,0
DA:636,0
DA:637,0
DA:638,0
DA:639,0
DA:640,0
DA:641,0
DA:642,0
DA:643,0
DA:644,0
DA:645,0
DA:646,0
DA:647,0
DA:648,0
DA:649,3
DA:650,3
DA:651,4
DA:652,4
DA:653,4
DA:654,4
DA:655,4
DA:656,4
DA:657,4
DA:658,4
DA:659,4
DA:660,1
DA:661,1
DA:662,1
DA:663,4
DA:664,4
DA:665,4
DA:666,4
DA:667,4
DA:668,4
DA:669,4
DA:670,4
DA:671,4
DA:672,4
DA:673,4
DA:674,4
DA:675,4
DA:676,4
DA:677,4
DA:678,4
DA:679,4
DA:680,4
DA:681,4
DA:682,4
DA:683,4
DA:684,0
DA:685,0
DA:686,0
DA:687,0
DA:688,0
DA:689,0
DA:690,0
DA:691,0
DA:692,0
DA:693,0
DA:694,4
DA:695,4
DA:696,4
DA:697,4
DA:698,4
DA:699,4
DA:700,4
DA:701,4
DA:702,4
DA:703,4
DA:704,4
DA:705,4
DA:706,4
DA:707,4
DA:708,4
DA:709,4
DA:710,3
DA:711,3
DA:712,3
DA:713,3
DA:714,3
DA:715,3
DA:716,3
DA:717,3
DA:718,3
DA:719,3
DA:720,3
DA:721,3
DA:722,3
DA:723,3
DA:724,3
DA:725,3
DA:726,4
DA:727,4
DA:728,4
DA:729,4
DA:730,4
DA:731,3
DA:732,3
DA:733,3
DA:734,3
DA:735,3
LF:735
LH:641
BRDA:35,0,0,1
BRDA:78,1,0,4
BRDA:79,2,0,4
BRDA:94,3,0,4
BRDA:102,4,0,4
BRDA:104,5,0,3
BRDA:117,6,0,5
BRDA:213,7,0,4
BRDA:215,8,0,6
BRDA:227,9,0,2
BRDA:234,10,0,2
BRDA:284,11,0,5
BRDA:381,12,0,5
BRDA:397,13,0,4
BRDA:404,14,0,4
BRDA:413,15,0,4
BRDA:421,16,0,3
BRDA:436,17,0,4
BRDA:437,18,0,4
BRDA:438,19,0,4
BRDA:446,20,0,3
BRDA:504,21,0,5
BRDA:529,22,0,4
BRDA:530,23,0,1
BRDA:530,24,0,1
BRDA:598,25,0,4
BRDA:605,26,0,4
BRDA:628,27,0,4
BRDA:710,28,0,4
BRDA:715,29,0,1
BRDA:716,30,0,1
BRDA:716,31,0,1
BRDA:731,32,0,4
BRDA:1,33,0,3
BRDA:19,34,0,3
BRDA:21,35,0,0
BRDA:24,36,0,0
BRDA:34,37,0,0
BRDA:63,38,0,0
BRDA:26,39,0,3
BRDA:26,40,0,3
BRDA:72,41,0,3
BRDA:92,42,0,3
BRDA:93,43,0,0
BRDA:120,44,0,5
BRDA:195,45,0,3
BRDA:204,46,0,1
BRDA:222,47,0,6
BRDA:229,48,0,6
BRDA:248,49,0,3
BRDA:286,50,0,5
BRDA:305,51,0,3
BRDA:316,52,0,3
BRDA:321,53,0,3
BRDA:323,54,0,3
BRDA:325,55,0,1
BRDA:326,56,0,3
BRDA:330,57,0,1
BRDA:346,58,0,3
BRDA:369,59,0,0
BRDA:351,60,0,3
BRDA:354,61,0,3
BRDA:355,62,0,3
BRDA:361,63,0,0
BRDA:384,64,0,5
BRDA:462,65,0,3
BRDA:464,66,0,0
BRDA:466,67,0,0
BRDA:474,68,0,3
BRDA:510,69,0,5
BRDA:520,70,0,3
BRDA:524,71,0,1
BRDA:525,72,0,1
BRDA:543,73,0,3
BRDA:552,74,0,3
BRDA:558,75,0,0
BRDA:586,76,0,3
BRDA:589,77,0,1
BRDA:591,78,0,1
BRDA:591,79,0,1
BRDA:612,80,0,3
BRDA:656,81,0,3
BRDA:659,82,0,0
BRDA:669,83,0,3
BRDA:698,84,0,3
BRDA:582,85,0,3
BRDA:82,86,0,2
BRDA:249,87,0,3
BRDA:267,88,0,2
BRDA:252,89,0,3
BRDA:261,90,0,3
BRDA:308,91,0,3
BRDA:317,92,0,2
BRDA:325,93,0,2
BRDA:328,94,0,2
BRDA:369,95,0,2
BRDA:358,96,0,2
BRDA:475,97,0,3
BRDA:613,98,0,3
BRF:99
BRH:88
end_of_record
